-------------------------------------------------------------------
         SDDP.jl (c) Oscar Dowson and contributors, 2017-24
-------------------------------------------------------------------
problem
  nodes           : 3
  state variables : 0
  scenarios       : 2.50000e+01
  existing cuts   : false
options
  solver          : serial mode
  risk measure    : SDDP.Expectation()
  sampling scheme : SDDP.InSampleMonteCarlo
subproblem structure
  VariableRef                             : [3, 3]
  AffExpr in MOI.GreaterThan{Float64}     : [1, 1]
  VariableRef in MOI.GreaterThan{Float64} : [3, 3]
  VariableRef in MOI.LessThan{Float64}    : [1, 1]
numerical stability report
  matrix range     [1e+00, 1e+00]
  objective range  [1e+00, 2e+00]
  bounds range     [0e+00, 0e+00]
  rhs range        [8e-01, 1e+01]
-------------------------------------------------------------------
 iteration    simulation      bound        time (s)     solves  pid
-------------------------------------------------------------------
         1   3.000000e+01  3.000000e+01  5.918000e+00        14   1
       100   3.000000e+01  3.000000e+01  6.541000e+00      1400   1
-------------------------------------------------------------------
status         : iteration_limit
total time (s) : 6.541000e+00
total solves   : 1400
best bound     :  3.000000e+01
simulation ci  :  3.000000e+01 ± 0.000000e+00
numeric issues : 0
-------------------------------------------------------------------

-------------------------------------------------------------------
         SDDP.jl (c) Oscar Dowson and contributors, 2017-24
-------------------------------------------------------------------
problem
  nodes           : 3
  state variables : 0
  scenarios       : 2.50000e+01
  existing cuts   : false
options
  solver          : serial mode
  risk measure    : SDDP.Expectation()
  sampling scheme : SDDP.InSampleMonteCarlo
subproblem structure
  VariableRef                             : [3, 3]
  AffExpr in MOI.GreaterThan{Float64}     : [1, 1]
  VariableRef in MOI.GreaterThan{Float64} : [3, 3]
  VariableRef in MOI.LessThan{Float64}    : [1, 1]
numerical stability report
  matrix range     [1e+00, 1e+00]
  objective range  [1e+00, 2e+00]
  bounds range     [0e+00, 0e+00]
  rhs range        [8e-01, 1e+01]
-------------------------------------------------------------------
 iteration    simulation      bound        time (s)     solves  pid
-------------------------------------------------------------------
         1   3.000000e+01  3.000000e+01  3.000021e-03        14   1
       100   3.000000e+01  3.000000e+01  3.430002e-01      1400   1
-------------------------------------------------------------------
status         : iteration_limit
total time (s) : 3.430002e-01
total solves   : 1400
best bound     :  3.000000e+01
simulation ci  :  3.000000e+01 ± 0.000000e+00
numeric issues : 0
-------------------------------------------------------------------

-------------------------------------------------------------------
         SDDP.jl (c) Oscar Dowson and contributors, 2017-24
-------------------------------------------------------------------
problem
  nodes           : 3
  state variables : 0
  scenarios       : 2.50000e+01
  existing cuts   : false
options
  solver          : serial mode
  risk measure    : SDDP.Expectation()
  sampling scheme : SDDP.InSampleMonteCarlo
subproblem structure
  VariableRef                             : [3, 3]
  AffExpr in MOI.GreaterThan{Float64}     : [1, 1]
  VariableRef in MOI.GreaterThan{Float64} : [3, 3]
  VariableRef in MOI.LessThan{Float64}    : [1, 1]
numerical stability report
  matrix range     [1e+00, 1e+00]
  objective range  [1e+00, 2e+00]
  bounds range     [0e+00, 0e+00]
  rhs range        [8e-01, 1e+01]
-------------------------------------------------------------------
 iteration    simulation      bound        time (s)     solves  pid
-------------------------------------------------------------------
         1   3.000000e+01  3.000000e+01  3.000021e-03        14   1
       100   3.000000e+01  3.000000e+01  3.829999e-01      1400   1
-------------------------------------------------------------------
status         : iteration_limit
total time (s) : 3.829999e-01
total solves   : 1400
best bound     :  3.000000e+01
simulation ci  :  3.000000e+01 ± 0.000000e+00
numeric issues : 0
-------------------------------------------------------------------

-------------------------------------------------------------------
         SDDP.jl (c) Oscar Dowson and contributors, 2017-24
-------------------------------------------------------------------
problem
  nodes           : 3
  state variables : 0
  scenarios       : 2.50000e+01
  existing cuts   : false
options
  solver          : serial mode
  risk measure    : SDDP.Expectation()
  sampling scheme : SDDP.InSampleMonteCarlo
subproblem structure
  VariableRef                             : [3, 3]
  AffExpr in MOI.GreaterThan{Float64}     : [1, 1]
  VariableRef in MOI.GreaterThan{Float64} : [3, 3]
  VariableRef in MOI.LessThan{Float64}    : [1, 1]
numerical stability report
  matrix range     [1e+00, 1e+00]
  objective range  [1e+00, 2e+00]
  bounds range     [0e+00, 0e+00]
  rhs range        [8e-01, 1e+01]
-------------------------------------------------------------------
 iteration    simulation      bound        time (s)     solves  pid
-------------------------------------------------------------------
         1   3.000000e+01  3.000000e+01  1.999855e-03        14   1
       100   3.000000e+01  3.000000e+01  3.290000e-01      1400   1
-------------------------------------------------------------------
status         : iteration_limit
total time (s) : 3.290000e-01
total solves   : 1400
best bound     :  3.000000e+01
simulation ci  :  3.000000e+01 ± 0.000000e+00
numeric issues : 0
-------------------------------------------------------------------

-------------------------------------------------------------------
         SDDP.jl (c) Oscar Dowson and contributors, 2017-24
-------------------------------------------------------------------
problem
  nodes           : 3
  state variables : 0
  scenarios       : 2.50000e+01
  existing cuts   : false
options
  solver          : serial mode
  risk measure    : SDDP.Expectation()
  sampling scheme : SDDP.InSampleMonteCarlo
subproblem structure
  VariableRef                             : [3, 3]
  AffExpr in MOI.GreaterThan{Float64}     : [1, 1]
  VariableRef in MOI.GreaterThan{Float64} : [3, 3]
  VariableRef in MOI.LessThan{Float64}    : [1, 1]
numerical stability report
  matrix range     [1e+00, 1e+00]
  objective range  [1e+00, 2e+00]
  bounds range     [0e+00, 0e+00]
  rhs range        [8e-01, 1e+01]
-------------------------------------------------------------------
 iteration    simulation      bound        time (s)     solves  pid
-------------------------------------------------------------------
         1   3.000000e+01  3.000000e+01  3.000021e-03        14   1
       100   3.000000e+01  3.000000e+01  3.759999e-01      1400   1
-------------------------------------------------------------------
status         : iteration_limit
total time (s) : 3.759999e-01
total solves   : 1400
best bound     :  3.000000e+01
simulation ci  :  3.000000e+01 ± 0.000000e+00
numeric issues : 0
-------------------------------------------------------------------

-------------------------------------------------------------------
         SDDP.jl (c) Oscar Dowson and contributors, 2017-24
-------------------------------------------------------------------
problem
  nodes           : 3
  state variables : 0
  scenarios       : 2.50000e+01
  existing cuts   : false
options
  solver          : serial mode
  risk measure    : SDDP.Expectation()
  sampling scheme : SDDP.InSampleMonteCarlo
subproblem structure
  VariableRef                             : [3, 3]
  AffExpr in MOI.GreaterThan{Float64}     : [1, 1]
  VariableRef in MOI.GreaterThan{Float64} : [3, 3]
  VariableRef in MOI.LessThan{Float64}    : [1, 1]
numerical stability report
  matrix range     [1e+00, 1e+00]
  objective range  [1e+00, 2e+00]
  bounds range     [0e+00, 0e+00]
  rhs range        [8e-01, 1e+01]
-------------------------------------------------------------------
 iteration    simulation      bound        time (s)     solves  pid
-------------------------------------------------------------------
         1   3.000000e+01  3.000000e+01  9.999275e-04        14   1
       100   3.000000e+01  3.000000e+01  3.450000e-01      1400   1
-------------------------------------------------------------------
status         : iteration_limit
total time (s) : 3.450000e-01
total solves   : 1400
best bound     :  3.000000e+01
simulation ci  :  3.000000e+01 ± 0.000000e+00
numeric issues : 0
-------------------------------------------------------------------

-------------------------------------------------------------------
         SDDP.jl (c) Oscar Dowson and contributors, 2017-24
-------------------------------------------------------------------
problem
  nodes           : 3
  state variables : 0
  scenarios       : 2.50000e+01
  existing cuts   : false
options
  solver          : serial mode
  risk measure    : SDDP.Expectation()
  sampling scheme : SDDP.InSampleMonteCarlo
subproblem structure
  VariableRef                             : [3, 3]
  AffExpr in MOI.GreaterThan{Float64}     : [1, 1]
  VariableRef in MOI.GreaterThan{Float64} : [3, 3]
  VariableRef in MOI.LessThan{Float64}    : [1, 1]
numerical stability report
  matrix range     [1e+00, 1e+00]
  objective range  [1e+00, 2e+00]
  bounds range     [0e+00, 0e+00]
  rhs range        [8e-01, 1e+01]
-------------------------------------------------------------------
 iteration    simulation      bound        time (s)     solves  pid
-------------------------------------------------------------------
         1   3.000000e+01  3.000000e+01  1.999855e-03        14   1
       100   3.000000e+01  3.000000e+01  3.339999e-01      1400   1
-------------------------------------------------------------------
status         : iteration_limit
total time (s) : 3.339999e-01
total solves   : 1400
best bound     :  3.000000e+01
simulation ci  :  3.000000e+01 ± 0.000000e+00
numeric issues : 0
-------------------------------------------------------------------

-------------------------------------------------------------------
         SDDP.jl (c) Oscar Dowson and contributors, 2017-24
-------------------------------------------------------------------
problem
  nodes           : 3
  state variables : 0
  scenarios       : 2.50000e+01
  existing cuts   : false
options
  solver          : serial mode
  risk measure    : SDDP.Expectation()
  sampling scheme : SDDP.InSampleMonteCarlo
subproblem structure
  VariableRef                             : [3, 3]
  AffExpr in MOI.GreaterThan{Float64}     : [1, 1]
  VariableRef in MOI.GreaterThan{Float64} : [3, 3]
  VariableRef in MOI.LessThan{Float64}    : [1, 1]
numerical stability report
  matrix range     [1e+00, 1e+00]
  objective range  [1e+00, 2e+00]
  bounds range     [0e+00, 0e+00]
  rhs range        [8e-01, 1e+01]
-------------------------------------------------------------------
 iteration    simulation      bound        time (s)     solves  pid
-------------------------------------------------------------------
         1   3.000000e+01  3.000000e+01  2.999783e-03        14   1
       100   3.000000e+01  3.000000e+01  3.339999e-01      1400   1
-------------------------------------------------------------------
status         : iteration_limit
total time (s) : 3.339999e-01
total solves   : 1400
best bound     :  3.000000e+01
simulation ci  :  3.000000e+01 ± 0.000000e+00
numeric issues : 0
-------------------------------------------------------------------

-------------------------------------------------------------------
         SDDP.jl (c) Oscar Dowson and contributors, 2017-24
-------------------------------------------------------------------
problem
  nodes           : 3
  state variables : 0
  scenarios       : 2.50000e+01
  existing cuts   : false
options
  solver          : serial mode
  risk measure    : SDDP.Expectation()
  sampling scheme : SDDP.InSampleMonteCarlo
subproblem structure
  VariableRef                             : [3, 3]
  AffExpr in MOI.GreaterThan{Float64}     : [1, 1]
  VariableRef in MOI.GreaterThan{Float64} : [3, 3]
  VariableRef in MOI.LessThan{Float64}    : [1, 1]
numerical stability report
  matrix range     [1e+00, 1e+00]
  objective range  [1e+00, 2e+00]
  bounds range     [0e+00, 0e+00]
  rhs range        [8e-01, 1e+01]
-------------------------------------------------------------------
 iteration    simulation      bound        time (s)     solves  pid
-------------------------------------------------------------------
         1   3.000000e+01  3.000000e+01  5.506000e+00        14   1
       100   3.000000e+01  3.000000e+01  6.054000e+00      1400   1
-------------------------------------------------------------------
status         : iteration_limit
total time (s) : 6.054000e+00
total solves   : 1400
best bound     :  3.000000e+01
simulation ci  :  3.000000e+01 ± 0.000000e+00
numeric issues : 0
-------------------------------------------------------------------

